<?xml version="1.0" encoding="UTF-8"?>
<!-- Generated by org.testng.reporters.JUnitXMLReporter -->
<testsuite ignored="3" hostname="Harsh" failures="0" tests="6" name="SanityTest" time="0.206" errors="0" timestamp="2024-07-22T13:19:04 IST">
  <testcase classname="TestNG_GroupingAnnotationTesting.SanityGroupTesting" name="OpenFacebookApp" time="0.021"/>
  <testcase classname="TestNG_GroupingAnnotationTesting.SanityGroupTesting" name="OpenGoogleApp" time="0.004"/>
  <testcase classname="TestNG_GroupingAnnotationTesting.SanityGroupTesting" name="OpenMicroSoftApp" time="0.005"/>
  <testcase classname="TestNG_GroupingAnnotationTesting.RegressionGroupTesting" name="LoginFacebookApp" time="0.006"/>
  <testcase classname="TestNG_GroupingAnnotationTesting.RegressionGroupTesting" name="LoginGoogleApp" time="0.006"/>
  <testcase classname="TestNG_GroupingAnnotationTesting.RegressionGroupTesting" name="LoginMicroSoftApp" time="0.005"/>
  <testcase classname="TestNG_GroupingAnnotationTesting.Sanity_Regression_FunctionalGroupTesting" name="PaymentInGoogleApp" time="0.0">
    <ignored/>
  </testcase> <!-- PaymentInGoogleApp -->
  <testcase classname="TestNG_GroupingAnnotationTesting.Sanity_Regression_FunctionalGroupTesting" name="PaymentInMicroSoftApp" time="0.0">
    <ignored/>
  </testcase> <!-- PaymentInMicroSoftApp -->
  <testcase classname="TestNG_GroupingAnnotationTesting.Sanity_Regression_FunctionalGroupTesting" name="PaymentInFacebookApp" time="0.0">
    <ignored/>
  </testcase> <!-- PaymentInFacebookApp -->
</testsuite> <!-- SanityTest -->
