<?xml version="1.0" encoding="UTF-8"?>
<testsuite xmlns:xsi="http://www.w3.org/2001/XMLSchema-instance" xsi:noNamespaceSchemaLocation="https://maven.apache.org/surefire/maven-surefire-plugin/xsd/surefire-test-report.xsd" version="3.0.2" name="TestSuite" time="15.712" tests="29" errors="0" skipped="0" failures="0">
  <properties>
[...]
</properties>
  <testcase name="OpenApp" classname="TestNG_SeleniumTesting.LoginAppUsingTestNG" time="2.712">
    <system-out><![CDATA[Before Suite Annotation.............
This is Before Suite Annotation.............
Before Test Annotation..........
This is Before Test method..........
This is Before Test method..........
]]></system-out>
    <system-err><![CDATA[SLF4J: Failed to load class "org.slf4j.impl.StaticLoggerBinder".
SLF4J: Defaulting to no-operation (NOP) logger implementation
SLF4J: See http://www.slf4j.org/codes.html#StaticLoggerBinder for further details.
Jul 27, 2024 8:22:09 PM org.openqa.selenium.devtools.CdpVersionFinder findNearestMatch
WARNING: Unable to find an exact match for CDP version 127, returning the closest version; found: 126; Please update to a Selenium version that supports CDP version 127
]]></system-err>
  </testcase>
  <testcase name="LogininApp" classname="TestNG_SeleniumTesting.LoginAppUsingTestNG" time="2.12"/>
  <testcase name="HomePageTitleValidation" classname="TestNG_SeleniumTesting.LoginAppUsingTestNG" time="0.015">
    <system-out><![CDATA[Test case: PASS ===>Title: OrangeHRM
]]></system-out>
  </testcase>
  <testcase name="LogOutfromApp" classname="TestNG_SeleniumTesting.LoginAppUsingTestNG" time="0.134"/>
  <testcase name="OpenFacebookApp" classname="TestNG_GroupingAnnotationTesting.SanityGroupTesting" time="0.0">
    <system-out><![CDATA[FACEBOOK APP OPEN
]]></system-out>
  </testcase>
  <testcase name="OpenGoogleApp" classname="TestNG_GroupingAnnotationTesting.SanityGroupTesting" time="0.0">
    <system-out><![CDATA[GOOGLE APP OPEN
]]></system-out>
  </testcase>
  <testcase name="OpenMicroSoftApp" classname="TestNG_GroupingAnnotationTesting.SanityGroupTesting" time="0.0">
    <system-out><![CDATA[MICROSOFT APP OPEN
]]></system-out>
  </testcase>
  <testcase name="Test1" classname="TestNG_BeforeAndAfterTestAnnotationsTesting.BeforeAndAfterTestAnnotationTest1" time="0.0">
    <system-out><![CDATA[This is test 1........
]]></system-out>
  </testcase>
  <testcase name="Test1" classname="TestNG_BeforeAndAfterSuiteTestAnnotationsTesting.SuiteTest1" time="0.0">
    <system-out><![CDATA[This is test 1........
]]></system-out>
  </testcase>
  <testcase name="Test1" classname="TestNG_BeforeAndAfterTestAnnotationsTesting.BeforeAndAfterTestAnnotationTest2" time="0.0">
    <system-out><![CDATA[This is test 2........
]]></system-out>
  </testcase>
  <testcase name="LinkValidation" classname="TestNG_BeforeAndAfterSuiteTestAnnotationsTesting.SuiteTest3" time="0.001">
    <system-out><![CDATA[This is test 3...............
]]></system-out>
  </testcase>
  <testcase name="Test1" classname="TestNG_BeforeAndAfterSuiteTestAnnotationsTesting.SuiteTest2" time="0.0">
    <system-out><![CDATA[This is test 2........
]]></system-out>
  </testcase>
  <testcase name="PaymentInFacebookApp" classname="TestNG_GroupingAnnotationTesting.Sanity_Regression_FunctionalGroupTesting" time="0.0">
    <system-out><![CDATA[Payment in FACEBOOK: Pass
]]></system-out>
  </testcase>
  <testcase name="PaymentInGoogleApp" classname="TestNG_GroupingAnnotationTesting.Sanity_Regression_FunctionalGroupTesting" time="0.0">
    <system-out><![CDATA[Payment in GOOGLE: Pass
]]></system-out>
  </testcase>
  <testcase name="PaymentInMicroSoftApp" classname="TestNG_GroupingAnnotationTesting.Sanity_Regression_FunctionalGroupTesting" time="0.0">
    <system-out><![CDATA[Payment in MICROSOFT: Pass
]]></system-out>
  </testcase>
  <testcase name="OpenLinkInApp" classname="TestNG_ClassAndMethodAnnotationsTesting.BeforeAndAfterClassAnnotations" time="0.0">
    <system-out><![CDATA[Before Class: This is Login.......
Test 2: This is opening link in App test.......
]]></system-out>
  </testcase>
  <testcase name="SearchInApp" classname="TestNG_ClassAndMethodAnnotationsTesting.BeforeAndAfterClassAnnotations" time="0.0">
    <system-out><![CDATA[Test 1: This is search test in App........
]]></system-out>
  </testcase>
  <testcase name="OpenLinkInApp" classname="TestNG_ClassAndMethodAnnotationsTesting.BeforeAndAfterMethodAnnotations" time="0.0">
    <system-out><![CDATA[After Class: This is to logout from app........
Before Method: This is Login.......
Test 2: This is opening link in App test.......
]]></system-out>
  </testcase>
  <testcase name="SearchInApp" classname="TestNG_ClassAndMethodAnnotationsTesting.BeforeAndAfterMethodAnnotations" time="0.0">
    <system-out><![CDATA[After Method: This is to logout from app........
Before Method: This is Login.......
Test 1: This is search test in App........
]]></system-out>
  </testcase>
  <testcase name="LoginFacebookApp" classname="TestNG_GroupingAnnotationTesting.RegressionGroupTesting" time="0.0">
    <system-out><![CDATA[After Method: This is to logout from app........
Login in FACEBOOK: Pass
]]></system-out>
  </testcase>
  <testcase name="LoginGoogleApp" classname="TestNG_GroupingAnnotationTesting.RegressionGroupTesting" time="0.0">
    <system-out><![CDATA[Login in GOOGLE: Pass
]]></system-out>
  </testcase>
  <testcase name="LoginMicroSoftApp" classname="TestNG_GroupingAnnotationTesting.RegressionGroupTesting" time="0.0">
    <system-out><![CDATA[Login in MICROSOFT 365: Pass
]]></system-out>
  </testcase>
  <testcase name="Test1" classname="TestNG_AllTestAnnotationsTesting.AllTestAnnotationsTesing" time="0.0">
    <system-out><![CDATA[Before Class Annotation.......
Before Method Annotation.........
This is test 1........
]]></system-out>
  </testcase>
  <testcase name="Test2" classname="TestNG_AllTestAnnotationsTesting.AllTestAnnotationsTesing" time="0.0">
    <system-out><![CDATA[After Method Annotaion...........
Before Method Annotation.........
This is test 2........
]]></system-out>
  </testcase>
  <testcase name="SearchInApp" classname="TestNG_AllTestAnnotationsTesting.AllTestAnnotationsTesing" time="0.0">
    <system-out><![CDATA[After Method Annotaion...........
Before Method Annotation.........
This is test 3........
]]></system-out>
  </testcase>
  <testcase name="OpenLinkInApp" classname="TestNG_AllTestAnnotationsTesting.AllTestAnnotationsTesing" time="0.0">
    <system-out><![CDATA[After Method Annotaion...........
Before Method Annotation.........
This is test 4........
]]></system-out>
  </testcase>
  <testcase name="SearchInApp2" classname="TestNG_AllTestAnnotationsTesting.AllTestAnnotationsTesing" time="0.0">
    <system-out><![CDATA[After Method Annotaion...........
Before Method Annotation.........
This is test 5........
]]></system-out>
  </testcase>
  <testcase name="OpenLinkInApp2" classname="TestNG_AllTestAnnotationsTesting.AllTestAnnotationsTesing" time="0.0">
    <system-out><![CDATA[After Method Annotaion...........
Before Method Annotation.........
This is test 6........
]]></system-out>
  </testcase>
  <testcase name="logintest" classname="TestNG_ParallelTestingUsingXML.ParallelTestingUsingXML" time="3.799">
    <system-out><![CDATA[After Method Annotaion...........
After Class Annotation........
After Test Annotation..........
This is After Test method..........
This is After Test method..........
]]></system-out>
    <system-err><![CDATA[Jul 27, 2024 8:22:16 PM org.openqa.selenium.devtools.CdpVersionFinder findNearestMatch
WARNING: Unable to find an exact match for CDP version 127, returning the closest version; found: 126; Please update to a Selenium version that supports CDP version 127
]]></system-err>
  </testcase>
</testsuite>