<?xml version="1.0" encoding="UTF-8"?>
<!-- Generated by org.testng.reporters.JUnitXMLReporter -->
<testsuite ignored="0" hostname="Harsh" failures="0" tests="28" name="Test1" time="5.099" errors="0" timestamp="2024-07-27T20:22:14 IST">
  <testcase classname="TestNG_SeleniumTesting.LoginAppUsingTestNG" name="OpenApp" time="2.725"/>
  <testcase classname="TestNG_SeleniumTesting.LoginAppUsingTestNG" name="LogininApp" time="2.12"/>
  <testcase classname="TestNG_SeleniumTesting.LoginAppUsingTestNG" name="HomePageTitleValidation" time="0.014"/>
  <testcase classname="TestNG_SeleniumTesting.LoginAppUsingTestNG" name="LogOutfromApp" time="0.136"/>
  <testcase classname="TestNG_GroupingAnnotationTesting.SanityGroupTesting" name="OpenFacebookApp" time="0.0"/>
  <testcase classname="TestNG_GroupingAnnotationTesting.SanityGroupTesting" name="OpenGoogleApp" time="0.0"/>
  <testcase classname="TestNG_GroupingAnnotationTesting.SanityGroupTesting" name="OpenMicroSoftApp" time="0.0"/>
  <testcase classname="TestNG_BeforeAndAfterTestAnnotationsTesting.BeforeAndAfterTestAnnotationTest1" name="Test1" time="0.0"/>
  <testcase classname="TestNG_BeforeAndAfterSuiteTestAnnotationsTesting.SuiteTest1" name="Test1" time="0.0"/>
  <testcase classname="TestNG_BeforeAndAfterTestAnnotationsTesting.BeforeAndAfterTestAnnotationTest2" name="Test1" time="0.0"/>
  <testcase classname="TestNG_BeforeAndAfterSuiteTestAnnotationsTesting.SuiteTest3" name="LinkValidation" time="0.0"/>
  <testcase classname="TestNG_BeforeAndAfterSuiteTestAnnotationsTesting.SuiteTest2" name="Test1" time="0.0"/>
  <testcase classname="TestNG_GroupingAnnotationTesting.Sanity_Regression_FunctionalGroupTesting" name="PaymentInFacebookApp" time="0.0"/>
  <testcase classname="TestNG_GroupingAnnotationTesting.Sanity_Regression_FunctionalGroupTesting" name="PaymentInGoogleApp" time="0.0"/>
  <testcase classname="TestNG_GroupingAnnotationTesting.Sanity_Regression_FunctionalGroupTesting" name="PaymentInMicroSoftApp" time="0.0"/>
  <testcase classname="TestNG_ClassAndMethodAnnotationsTesting.BeforeAndAfterClassAnnotations" name="OpenLinkInApp" time="0.0"/>
  <testcase classname="TestNG_ClassAndMethodAnnotationsTesting.BeforeAndAfterClassAnnotations" name="SearchInApp" time="0.0"/>
  <testcase classname="TestNG_ClassAndMethodAnnotationsTesting.BeforeAndAfterMethodAnnotations" name="OpenLinkInApp" time="0.002"/>
  <testcase classname="TestNG_ClassAndMethodAnnotationsTesting.BeforeAndAfterMethodAnnotations" name="SearchInApp" time="0.0"/>
  <testcase classname="TestNG_GroupingAnnotationTesting.RegressionGroupTesting" name="LoginFacebookApp" time="0.0"/>
  <testcase classname="TestNG_GroupingAnnotationTesting.RegressionGroupTesting" name="LoginGoogleApp" time="0.0"/>
  <testcase classname="TestNG_GroupingAnnotationTesting.RegressionGroupTesting" name="LoginMicroSoftApp" time="0.0"/>
  <testcase classname="TestNG_AllTestAnnotationsTesting.AllTestAnnotationsTesing" name="Test1" time="0.0"/>
  <testcase classname="TestNG_AllTestAnnotationsTesting.AllTestAnnotationsTesing" name="Test2" time="0.0"/>
  <testcase classname="TestNG_AllTestAnnotationsTesting.AllTestAnnotationsTesing" name="SearchInApp" time="0.0"/>
  <testcase classname="TestNG_AllTestAnnotationsTesting.AllTestAnnotationsTesing" name="OpenLinkInApp" time="0.0"/>
  <testcase classname="TestNG_AllTestAnnotationsTesting.AllTestAnnotationsTesing" name="SearchInApp2" time="0.0"/>
  <testcase classname="TestNG_AllTestAnnotationsTesting.AllTestAnnotationsTesing" name="OpenLinkInApp2" time="0.0"/>
</testsuite> <!-- Test1 -->
