<?xml version="1.0" encoding="UTF-8"?>
<!-- Generated by org.testng.reporters.JUnitXMLReporter -->
<testsuite ignored="0" hostname="Harsh" failures="1" tests="3" name="Test" time="8.367" errors="0" timestamp="2024-07-28T12:03:00 IST">
  <testcase classname="TestNG_Listners.TestScenarioForListners" name="checkURL" time="0.02"/>
  <testcase classname="TestNG_Listners.TestScenarioForListners" name="checkTitle" time="0.02">
    <failure type="java.lang.AssertionError" message="expected [Orange] but found [OrangeHRM]">
      <![CDATA[java.lang.AssertionError: expected [Orange] but found [OrangeHRM]
at TestNG_Listners.TestScenarioForListners.checkTitle(TestScenarioForListners.java:38)
at java.base/java.util.ArrayList.forEach(ArrayList.java:1597)
... Removed 31 stack frames]]>
    </failure>
  </testcase> <!-- checkTitle -->
  <testcase classname="TestNG_Listners.TestScenarioForListners" name="checkLoginButton" time="0.0">
    <skipped/>
  </testcase> <!-- checkLoginButton -->
</testsuite> <!-- Test -->
