<?xml version="1.0" encoding="UTF-8"?>
<testng-results ignored="0" total="3" passed="3" failed="0" skipped="0">
  <reporter-output>
  </reporter-output>
  <suite started-at="2024-07-26T19:50:53 IST" name="Suite" finished-at="2024-07-26T19:51:06 IST" duration-ms="12601">
    <groups>
    </groups>
    <test started-at="2024-07-26T19:50:53 IST" name="ChromeTest" finished-at="2024-07-26T19:51:00 IST" duration-ms="7165">
      <class name="TestNG_ParallelTestingUsingXML.ParallelTestingUsingXML">
        <test-method is-config="true" signature="setup(java.lang.String)[pri:0, instance:TestNG_ParallelTestingUsingXML.ParallelTestingUsingXML@6cb107fd]" started-at="2024-07-26T19:50:53 IST" name="setup" finished-at="2024-07-26T19:50:56 IST" duration-ms="2878" status="PASS">
          <params>
            <param index="0">
              <value>
                <![CDATA[chrome]]>
              </value>
            </param>
          </params>
          <reporter-output>
          </reporter-output>
        </test-method> <!-- setup -->
        <test-method signature="logintest()[pri:0, instance:TestNG_ParallelTestingUsingXML.ParallelTestingUsingXML@6cb107fd]" started-at="2024-07-26T19:50:56 IST" name="logintest" finished-at="2024-07-26T19:51:00 IST" duration-ms="3948" status="PASS">
          <reporter-output>
          </reporter-output>
        </test-method> <!-- logintest -->
        <test-method is-config="true" signature="teardown()[pri:0, instance:TestNG_ParallelTestingUsingXML.ParallelTestingUsingXML@6cb107fd]" started-at="2024-07-26T19:51:00 IST" name="teardown" finished-at="2024-07-26T19:51:00 IST" duration-ms="276" status="PASS">
          <reporter-output>
          </reporter-output>
        </test-method> <!-- teardown -->
      </class> <!-- TestNG_ParallelTestingUsingXML.ParallelTestingUsingXML -->
    </test> <!-- ChromeTest -->
    <test started-at="2024-07-26T19:50:53 IST" name="EdgeTest" finished-at="2024-07-26T19:51:02 IST" duration-ms="8802">
      <class name="TestNG_ParallelTestingUsingXML.ParallelTestingUsingXML">
        <test-method is-config="true" signature="setup(java.lang.String)[pri:0, instance:TestNG_ParallelTestingUsingXML.ParallelTestingUsingXML@3de8f619]" started-at="2024-07-26T19:50:53 IST" name="setup" finished-at="2024-07-26T19:50:56 IST" duration-ms="2858" status="PASS">
          <params>
            <param index="0">
              <value>
                <![CDATA[edge]]>
              </value>
            </param>
          </params>
          <reporter-output>
          </reporter-output>
        </test-method> <!-- setup -->
        <test-method signature="logintest()[pri:0, instance:TestNG_ParallelTestingUsingXML.ParallelTestingUsingXML@3de8f619]" started-at="2024-07-26T19:50:56 IST" name="logintest" finished-at="2024-07-26T19:51:00 IST" duration-ms="4401" status="PASS">
          <reporter-output>
          </reporter-output>
        </test-method> <!-- logintest -->
        <test-method is-config="true" signature="teardown()[pri:0, instance:TestNG_ParallelTestingUsingXML.ParallelTestingUsingXML@3de8f619]" started-at="2024-07-26T19:51:00 IST" name="teardown" finished-at="2024-07-26T19:51:02 IST" duration-ms="1471" status="PASS">
          <reporter-output>
          </reporter-output>
        </test-method> <!-- teardown -->
      </class> <!-- TestNG_ParallelTestingUsingXML.ParallelTestingUsingXML -->
    </test> <!-- EdgeTest -->
    <test started-at="2024-07-26T19:50:53 IST" name="FirefoxTest" finished-at="2024-07-26T19:51:06 IST" duration-ms="12601">
      <class name="TestNG_ParallelTestingUsingXML.ParallelTestingUsingXML">
        <test-method is-config="true" signature="setup(java.lang.String)[pri:0, instance:TestNG_ParallelTestingUsingXML.ParallelTestingUsingXML@2b40ff9c]" started-at="2024-07-26T19:50:53 IST" name="setup" finished-at="2024-07-26T19:51:02 IST" duration-ms="8532" status="PASS">
          <params>
            <param index="0">
              <value>
                <![CDATA[firefox]]>
              </value>
            </param>
          </params>
          <reporter-output>
          </reporter-output>
        </test-method> <!-- setup -->
        <test-method signature="logintest()[pri:0, instance:TestNG_ParallelTestingUsingXML.ParallelTestingUsingXML@2b40ff9c]" started-at="2024-07-26T19:51:02 IST" name="logintest" finished-at="2024-07-26T19:51:04 IST" duration-ms="2841" status="PASS">
          <reporter-output>
          </reporter-output>
        </test-method> <!-- logintest -->
        <test-method is-config="true" signature="teardown()[pri:0, instance:TestNG_ParallelTestingUsingXML.ParallelTestingUsingXML@2b40ff9c]" started-at="2024-07-26T19:51:04 IST" name="teardown" finished-at="2024-07-26T19:51:06 IST" duration-ms="1173" status="PASS">
          <reporter-output>
          </reporter-output>
        </test-method> <!-- teardown -->
      </class> <!-- TestNG_ParallelTestingUsingXML.ParallelTestingUsingXML -->
    </test> <!-- FirefoxTest -->
  </suite> <!-- Suite -->
</testng-results>
